c:\users\aston\documents\popeyeengine\bin-int\debug-windows-x86_64\popeye\vc142.pdb
c:\users\aston\documents\popeyeengine\bin-int\debug-windows-x86_64\popeye\vc142.idb
c:\users\aston\documents\popeyeengine\bin-int\debug-windows-x86_64\popeye\stb_img.obj
c:\users\aston\documents\popeyeengine\bin-int\debug-windows-x86_64\popeye\renderingsystem.obj
c:\users\aston\documents\popeyeengine\bin-int\debug-windows-x86_64\popeye\scene.obj
c:\users\aston\documents\popeyeengine\bin-int\debug-windows-x86_64\popeye\gameobject.obj
c:\users\aston\documents\popeyeengine\bin-int\debug-windows-x86_64\popeye\log.obj
c:\users\aston\documents\popeyeengine\bin-int\debug-windows-x86_64\popeye\imgui_impl_opengl3.obj
c:\users\aston\documents\popeyeengine\bin-int\debug-windows-x86_64\popeye\imgui_impl_glfw.obj
c:\users\aston\documents\popeyeengine\bin-int\debug-windows-x86_64\popeye\guimanager.obj
c:\users\aston\documents\popeyeengine\bin-int\debug-windows-x86_64\popeye\mouseevent.obj
c:\users\aston\documents\popeyeengine\bin-int\debug-windows-x86_64\popeye\display.obj
c:\users\aston\documents\popeyeengine\bin-int\debug-windows-x86_64\popeye\transform.obj
c:\users\aston\documents\popeyeengine\bin-int\debug-windows-x86_64\popeye\renderingcomponents.obj
c:\users\aston\documents\popeyeengine\bin-int\debug-windows-x86_64\popeye\camera.obj
c:\users\aston\documents\popeyeengine\bin-int\debug-windows-x86_64\popeye\application.obj
c:\users\aston\documents\popeyeengine\bin-int\debug-windows-x86_64\popeye\eventsystem.obj
c:\users\aston\documents\popeyeengine\bin-int\debug-windows-x86_64\popeye\keyboardevent.obj
c:\users\aston\documents\popeyeengine\bin-int\debug-windows-x86_64\popeye\popeye.pch
c:\users\aston\documents\popeyeengine\bin-int\debug-windows-x86_64\popeye\pch.obj
c:\users\aston\documents\popeyeengine\bin\debug-windows-x86_64\popeye\popeye.dll
c:\users\aston\documents\popeyeengine\bin\debug-windows-x86_64\popeye\popeye.ilk
c:\users\aston\documents\popeyeengine\bin\debug-windows-x86_64\popeye\popeye.pdb
c:\users\aston\documents\popeyeengine\bin\debug-windows-x86_64\popeye\popeye.lib
c:\users\aston\documents\popeyeengine\bin\debug-windows-x86_64\popeye\popeye.exp
c:\users\aston\documents\popeyeengine\bin-int\debug-windows-x86_64\popeye\popeye.tlog\cl.command.1.tlog
c:\users\aston\documents\popeyeengine\bin-int\debug-windows-x86_64\popeye\popeye.tlog\cl.read.1.tlog
c:\users\aston\documents\popeyeengine\bin-int\debug-windows-x86_64\popeye\popeye.tlog\cl.write.1.tlog
c:\users\aston\documents\popeyeengine\bin-int\debug-windows-x86_64\popeye\popeye.tlog\link.12692.delete.1.tlog
c:\users\aston\documents\popeyeengine\bin-int\debug-windows-x86_64\popeye\popeye.tlog\link.13228.delete.1.tlog
c:\users\aston\documents\popeyeengine\bin-int\debug-windows-x86_64\popeye\popeye.tlog\link.6924.delete.1.tlog
c:\users\aston\documents\popeyeengine\bin-int\debug-windows-x86_64\popeye\popeye.tlog\link.command.1.tlog
c:\users\aston\documents\popeyeengine\bin-int\debug-windows-x86_64\popeye\popeye.tlog\link.delete.1.tlog
c:\users\aston\documents\popeyeengine\bin-int\debug-windows-x86_64\popeye\popeye.tlog\link.read.1.tlog
c:\users\aston\documents\popeyeengine\bin-int\debug-windows-x86_64\popeye\popeye.tlog\link.write.1.tlog
c:\users\aston\documents\popeyeengine\bin-int\debug-windows-x86_64\popeye\popeye.tlog\popeye.write.1u.tlog
